<?xml version="1.0" encoding="utf-8"?>
<coverage line-rate="0.6314" branch-rate="0.5238" version="1.9" timestamp="1754637682" lines-covered="1254" lines-valid="1986" branches-covered="603" branches-valid="1151">
  <sources>
    <source>/app/DbfSharp.Core/</source>
  </sources>
  <packages>
    <package name="DbfSharp.Core" line-rate="0.6314" branch-rate="0.5238" complexity="1315">
      <classes>
        <class name="DbfSharp.Core.DbfField" filename="DbfField.cs" line-rate="0.6755" branch-rate="0.5" complexity="160">
          <methods>
            <method name="get_ExpectedNetType" signature="()" line-rate="0" branch-rate="1" complexity="1">
              <lines>
                <line number="129" hits="0" branch="False" />
              </lines>
            </method>
            <method name="get_UsesMemoFile" signature="()" line-rate="0" branch-rate="1" complexity="1">
              <lines>
                <line number="134" hits="0" branch="False" />
              </lines>
            </method>
            <method name="get_SupportsNull" signature="()" line-rate="0" branch-rate="1" complexity="1">
              <lines>
                <line number="139" hits="0" branch="False" />
              </lines>
            </method>
            <method name="get_ActualLength" signature="()" line-rate="1" branch-rate="1" complexity="2">
              <lines>
                <line number="148" hits="87593" branch="True" condition-coverage="100% (2/2)">
                  <conditions>
                    <condition number="8" type="jump" coverage="100%" />
                  </conditions>
                </line>
                <line number="150" hits="46550" branch="False" />
                <line number="153" hits="41043" branch="False" />
              </lines>
            </method>
            <method name="get_ActualDecimalCount" signature="()" line-rate="0.6666" branch-rate="0.5" complexity="4">
              <lines>
                <line number="164" hits="8437" branch="True" condition-coverage="50% (2/4)">
                  <conditions>
                    <condition number="8" type="jump" coverage="50%" />
                    <condition number="16" type="jump" coverage="50%" />
                  </conditions>
                </line>
                <line number="166" hits="0" branch="False" />
                <line number="169" hits="8437" branch="False" />
              </lines>
            </method>
            <method name="FindCorrectTerminator" signature="(System.Buffers.ReadOnlySequence`1&lt;System.Byte&gt;,DbfSharp.Core.Enums.DbfVersion)" line-rate="0.9333" branch-rate="0.9" complexity="10">
              <lines>
                <line number="344" hits="24" branch="True" condition-coverage="100% (4/4)">
                  <conditions>
                    <condition number="6" type="jump" coverage="100%" />
                    <condition number="14" type="jump" coverage="100%" />
                  </conditions>
                </line>
                <line number="346" hits="20" branch="False" />
                <line number="351" hits="4" branch="False" />
                <line number="352" hits="4" branch="False" />
                <line number="354" hits="7" branch="False" />
                <line number="356" hits="11" branch="False" />
                <line number="357" hits="11" branch="True" condition-coverage="50% (1/2)">
                  <conditions>
                    <condition number="53" type="jump" coverage="50%" />
                  </conditions>
                </line>
                <line number="362" hits="11" branch="False" />
                <line number="363" hits="11" branch="False" />
                <line number="367" hits="11" branch="True" condition-coverage="100% (4/4)">
                  <conditions>
                    <condition number="116" type="jump" coverage="100%" />
                    <condition number="125" type="jump" coverage="100%" />
                  </conditions>
                </line>
                <line number="369" hits="4" branch="False" />
                <line number="373" hits="7" branch="False" />
                <line number="374" hits="7" branch="False" />
                <line number="375" hits="7" branch="False" />
                <line number="378" hits="0" branch="False" />
              </lines>
            </method>
            <method name="IsValidTerminatorPosition" signature="(System.Buffers.ReadOnlySequence`1&lt;System.Byte&gt;,System.SequencePosition)" line-rate="0.909" branch-rate="0.8332999999999999" complexity="6">
              <lines>
                <line number="387" hits="7" branch="False" />
                <line number="388" hits="7" branch="True" condition-coverage="50% (1/2)">
                  <conditions>
                    <condition number="23" type="jump" coverage="50%" />
                  </conditions>
                </line>
                <line number="390" hits="0" branch="False" />
                <line number="393" hits="7" branch="False" />
                <line number="394" hits="7" branch="False" />
                <line number="397" hits="7" branch="False" />
                <line number="398" hits="119" branch="True" condition-coverage="100% (2/2)">
                  <conditions>
                    <condition number="62" type="jump" coverage="100%" />
                  </conditions>
                </line>
                <line number="400" hits="112" branch="True" condition-coverage="100% (2/2)">
                  <conditions>
                    <condition number="66" type="jump" coverage="100%" />
                  </conditions>
                </line>
                <line number="402" hits="68" branch="False" />
                <line number="404" hits="68" branch="False" />
                <line number="407" hits="7" branch="False" />
              </lines>
            </method>
            <method name="ReadFields" signature="(System.IO.BinaryReader,System.Text.Encoding,System.Int32,System.Boolean,DbfSharp.Core.Enums.DbfVersion)" line-rate="0.8157" branch-rate="0.8332999999999999" complexity="30">
              <lines>
                <line number="492" hits="221" branch="False" />
                <line number="493" hits="221" branch="False" />
                <line number="495" hits="221" branch="True" condition-coverage="100% (2/2)">
                  <conditions>
                    <condition number="25" type="jump" coverage="100%" />
                  </conditions>
                </line>
                <line number="497" hits="3" branch="False" />
                <line number="500" hits="218" branch="False" />
                <line number="503" hits="218" branch="False" />
                <line number="504" hits="218" branch="False" />
                <line number="505" hits="218" branch="True" condition-coverage="100% (2/2)">
                  <conditions>
                    <condition number="71" type="jump" coverage="100%" />
                  </conditions>
                </line>
                <line number="507" hits="7" branch="False" />
                <line number="510" hits="211" branch="False" />
                <line number="511" hits="211" branch="False" />
                <line number="512" hits="211" branch="False" />
                <line number="515" hits="211" branch="False" />
                <line number="516" hits="243862" branch="True" condition-coverage="100% (2/2)">
                  <conditions>
                    <condition number="150" type="jump" coverage="100%" />
                  </conditions>
                </line>
                <line number="518" hits="121931" branch="True" condition-coverage="100% (2/2)">
                  <conditions>
                    <condition number="130" type="jump" coverage="100%" />
                  </conditions>
                </line>
                <line number="520" hits="211" branch="False" />
                <line number="521" hits="211" branch="False" />
                <line number="526" hits="211" branch="True" condition-coverage="50% (1/2)">
                  <conditions>
                    <condition number="155" type="jump" coverage="50%" />
                  </conditions>
                </line>
                <line number="529" hits="211" branch="True" condition-coverage="66.66% (4/6)">
                  <conditions>
                    <condition number="170" type="jump" coverage="100%" />
                    <condition number="178" type="jump" coverage="50%" />
                    <condition number="186" type="jump" coverage="50%" />
                  </conditions>
                </line>
                <line number="532" hits="0" branch="False" />
                <line number="533" hits="0" branch="False" />
                <line number="537" hits="211" branch="False" />
                <line number="538" hits="3988" branch="True" condition-coverage="100% (2/2)">
                  <conditions>
                    <condition number="332" type="jump" coverage="100%" />
                  </conditions>
                </line>
                <line number="541" hits="3777" branch="True" condition-coverage="100% (6/6)">
                  <conditions>
                    <condition number="222" type="jump" coverage="100%" />
                    <condition number="231" type="jump" coverage="100%" />
                    <condition number="238" type="jump" coverage="100%" />
                  </conditions>
                </line>
                <line number="547" hits="3777" branch="False" />
                <line number="551" hits="3777" branch="False" />
                <line number="553" hits="3777" branch="True" condition-coverage="50% (2/4)">
                  <conditions>
                    <condition number="276" type="jump" coverage="50%" />
                    <condition number="285" type="jump" coverage="50%" />
                  </conditions>
                </line>
                <line number="555" hits="0" branch="False" />
                <line number="558" hits="3777" branch="False" />
                <line number="559" hits="3777" branch="False" />
                <line number="560" hits="0" branch="False" />
                <line number="562" hits="0" branch="False" />
                <line number="564" hits="0" branch="False" />
                <line number="566" hits="0" branch="False" />
                <line number="569" hits="3777" branch="False" />
                <line number="571" hits="3777" branch="True" condition-coverage="100% (2/2)">
                  <conditions>
                    <condition number="323" type="jump" coverage="100%" />
                  </conditions>
                </line>
                <line number="578" hits="211" branch="False" />
                <line number="580" hits="211" branch="False" />
              </lines>
            </method>
            <method name="ReadDBase2Fields" signature="(System.IO.BinaryReader,System.Text.Encoding,System.Boolean)" line-rate="0.7222" branch-rate="0.875" complexity="8">
              <lines>
                <line number="702" hits="3" branch="False" />
                <line number="706" hits="31" branch="False" />
                <line number="708" hits="31" branch="True" condition-coverage="100% (2/2)">
                  <conditions>
                    <condition number="44" type="jump" coverage="100%" />
                  </conditions>
                </line>
                <line number="713" hits="31" branch="False" />
                <line number="714" hits="31" branch="True" condition-coverage="50% (1/2)">
                  <conditions>
                    <condition number="60" type="jump" coverage="50%" />
                  </conditions>
                </line>
                <line number="716" hits="0" branch="False" />
                <line number="717" hits="0" branch="False" />
                <line number="720" hits="31" branch="True" condition-coverage="100% (2/2)">
                  <conditions>
                    <condition number="87" type="jump" coverage="100%" />
                  </conditions>
                </line>
                <line number="722" hits="3" branch="False" />
                <line number="723" hits="3" branch="False" />
                <line number="728" hits="28" branch="False" />
                <line number="729" hits="28" branch="False" />
                <line number="730" hits="28" branch="False" />
                <line number="731" hits="0" branch="False" />
                <line number="733" hits="0" branch="False" />
                <line number="734" hits="0" branch="False" />
                <line number="737" hits="28" branch="True" condition-coverage="100% (2/2)">
                  <conditions>
                    <condition number="153" type="jump" coverage="100%" />
                  </conditions>
                </line>
                <line number="743" hits="3" branch="False" />
              </lines>
            </method>
            <method name="IsValidDBase2Field" signature="(System.ReadOnlySpan`1&lt;System.Byte&gt;)" line-rate="0.9229999999999999" branch-rate="0.9285" complexity="14">
              <lines>
                <line number="748" hits="31" branch="False" />
                <line number="749" hits="31" branch="False" />
                <line number="750" hits="31" branch="True" condition-coverage="100% (2/2)">
                  <conditions>
                    <condition number="21" type="jump" coverage="100%" />
                  </conditions>
                </line>
                <line number="752" hits="31" branch="False" />
                <line number="755" hits="31" branch="True" condition-coverage="50% (1/2)">
                  <conditions>
                    <condition number="40" type="jump" coverage="50%" />
                  </conditions>
                </line>
                <line number="757" hits="0" branch="False" />
                <line number="760" hits="394" branch="True" condition-coverage="100% (2/2)">
                  <conditions>
                    <condition number="105" type="jump" coverage="100%" />
                  </conditions>
                </line>
                <line number="762" hits="167" branch="True" condition-coverage="100% (6/6)">
                  <conditions>
                    <condition number="68" type="jump" coverage="100%" />
                    <condition number="74" type="jump" coverage="100%" />
                    <condition number="86" type="jump" coverage="100%" />
                  </conditions>
                </line>
                <line number="764" hits="2" branch="False" />
                <line number="768" hits="29" branch="False" />
                <line number="769" hits="29" branch="False" />
                <line number="770" hits="29" branch="False" />
                <line number="772" hits="29" branch="True" condition-coverage="100% (2/2)">
                  <conditions>
                    <condition number="144" type="jump" coverage="100%" />
                  </conditions>
                </line>
              </lines>
            </method>
            <method name="FromDBase2Bytes" signature="(System.ReadOnlySpan`1&lt;System.Byte&gt;,System.Text.Encoding,System.Boolean)" line-rate="0.75" branch-rate="0.6666" complexity="6">
              <lines>
                <line number="781" hits="28" branch="True" condition-coverage="50% (1/2)">
                  <conditions>
                    <condition number="9" type="jump" coverage="50%" />
                  </conditions>
                </line>
                <line number="783" hits="0" branch="False" />
                <line number="784" hits="0" branch="False" />
                <line number="785" hits="0" branch="False" />
                <line number="788" hits="28" branch="False" />
                <line number="789" hits="28" branch="False" />
                <line number="790" hits="28" branch="True" condition-coverage="100% (2/2)">
                  <conditions>
                    <condition number="102" type="jump" coverage="100%" />
                  </conditions>
                </line>
                <line number="792" hits="28" branch="False" />
                <line number="795" hits="28" branch="False" />
                <line number="796" hits="28" branch="True" condition-coverage="50% (1/2)">
                  <conditions>
                    <condition number="123" type="jump" coverage="50%" />
                  </conditions>
                </line>
                <line number="798" hits="0" branch="False" />
                <line number="801" hits="28" branch="False" />
                <line number="802" hits="28" branch="False" />
                <line number="803" hits="28" branch="False" />
                <line number="804" hits="28" branch="False" />
                <line number="806" hits="28" branch="False" />
              </lines>
            </method>
            <method name="FromBytes" signature="(System.ReadOnlySpan`1&lt;System.Byte&gt;,System.Text.Encoding,System.Boolean)" line-rate="0.8409" branch-rate="0.75" complexity="8">
              <lines>
                <line number="826" hits="3975" branch="True" condition-coverage="50% (1/2)">
                  <conditions>
                    <condition number="9" type="jump" coverage="50%" />
                  </conditions>
                </line>
                <line number="828" hits="0" branch="False" />
                <line number="829" hits="0" branch="False" />
                <line number="830" hits="0" branch="False" />
                <line number="831" hits="0" branch="False" />
                <line number="834" hits="3975" branch="False" />
                <line number="835" hits="3975" branch="False" />
                <line number="836" hits="3975" branch="True" condition-coverage="100% (2/2)">
                  <conditions>
                    <condition number="107" type="jump" coverage="100%" />
                  </conditions>
                </line>
                <line number="838" hits="3975" branch="False" />
                <line number="841" hits="3975" branch="False" />
                <line number="842" hits="3975" branch="True" condition-coverage="100% (2/2)">
                  <conditions>
                    <condition number="128" type="jump" coverage="100%" />
                  </conditions>
                </line>
                <line number="844" hits="6" branch="False" />
                <line number="847" hits="3975" branch="False" />
                <line number="848" hits="3975" branch="True" condition-coverage="50% (1/2)">
                  <conditions>
                    <condition number="149" type="jump" coverage="50%" />
                  </conditions>
                </line>
                <line number="850" hits="0" branch="False" />
                <line number="851" hits="0" branch="False" />
                <line number="852" hits="0" branch="False" />
                <line number="855" hits="3975" branch="False" />
                <line number="857" hits="3975" branch="False" />
                <line number="858" hits="3975" branch="False" />
                <line number="859" hits="3975" branch="False" />
                <line number="860" hits="3975" branch="False" />
                <line number="861" hits="3975" branch="False" />
                <line number="862" hits="3975" branch="False" />
                <line number="863" hits="3975" branch="False" />
                <line number="864" hits="3975" branch="False" />
                <line number="866" hits="3975" branch="False" />
                <line number="867" hits="3975" branch="False" />
                <line number="868" hits="3975" branch="False" />
                <line number="870" hits="3975" branch="False" />
                <line number="872" hits="3975" branch="False" />
                <line number="873" hits="3975" branch="False" />
                <line number="874" hits="3975" branch="False" />
                <line number="875" hits="3975" branch="False" />
                <line number="876" hits="3975" branch="False" />
                <line number="877" hits="3975" branch="False" />
                <line number="878" hits="3975" branch="False" />
                <line number="879" hits="3975" branch="False" />
                <line number="880" hits="3975" branch="False" />
                <line number="881" hits="3975" branch="False" />
                <line number="882" hits="3975" branch="False" />
                <line number="883" hits="3975" branch="False" />
                <line number="884" hits="3975" branch="False" />
                <line number="885" hits="3975" branch="False" />
              </lines>
            </method>
            <method name="Validate" signature="(DbfSharp.Core.Enums.DbfVersion)" line-rate="0" branch-rate="0" complexity="48">
              <lines>
                <line number="897" hits="0" branch="True" condition-coverage="0% (0/2)">
                  <conditions>
                    <condition number="11" type="jump" coverage="0%" />
                  </conditions>
                </line>
                <line number="899" hits="0" branch="False" />
                <line number="902" hits="0" branch="True" condition-coverage="0% (0/2)">
                  <conditions>
                    <condition number="37" type="jump" coverage="0%" />
                  </conditions>
                </line>
                <line number="904" hits="0" branch="False" />
                <line number="905" hits="0" branch="False" />
                <line number="906" hits="0" branch="False" />
                <line number="909" hits="0" branch="True" condition-coverage="0% (0/24)">
                  <conditions>
                    <condition number="118" type="jump" coverage="0%" />
                    <condition number="124" type="switch" coverage="0%" />
                    <condition number="202" type="jump" coverage="0%" />
                    <condition number="210" type="jump" coverage="0%" />
                    <condition number="161" type="switch" coverage="0%" />
                    <condition number="218" type="jump" coverage="0%" />
                  </conditions>
                </line>
                <line number="912" hits="0" branch="True" condition-coverage="0% (0/2)">
                  <conditions>
                    <condition number="235" type="jump" coverage="0%" />
                  </conditions>
                </line>
                <line number="914" hits="0" branch="False" />
                <line number="915" hits="0" branch="False" />
                <line number="916" hits="0" branch="False" />
                <line number="921" hits="0" branch="True" condition-coverage="0% (0/2)">
                  <conditions>
                    <condition number="320" type="jump" coverage="0%" />
                  </conditions>
                </line>
                <line number="923" hits="0" branch="False" />
                <line number="924" hits="0" branch="False" />
                <line number="925" hits="0" branch="False" />
                <line number="934" hits="0" branch="True" condition-coverage="0% (0/2)">
                  <conditions>
                    <condition number="405" type="jump" coverage="0%" />
                  </conditions>
                </line>
                <line number="936" hits="0" branch="False" />
                <line number="937" hits="0" branch="False" />
                <line number="938" hits="0" branch="False" />
                <line number="946" hits="0" branch="True" condition-coverage="0% (0/2)">
                  <conditions>
                    <condition number="502" type="jump" coverage="0%" />
                  </conditions>
                </line>
                <line number="948" hits="0" branch="False" />
                <line number="951" hits="0" branch="True" condition-coverage="0% (0/8)">
                  <conditions>
                    <condition number="587" type="jump" coverage="0%" />
                    <condition number="592" type="jump" coverage="0%" />
                    <condition number="601" type="jump" coverage="0%" />
                    <condition number="615" type="jump" coverage="0%" />
                  </conditions>
                </line>
                <line number="952" hits="0" branch="False" />
                <line number="953" hits="0" branch="False" />
                <line number="954" hits="0" branch="False" />
                <line number="956" hits="0" branch="False" />
                <line number="957" hits="0" branch="False" />
                <line number="958" hits="0" branch="False" />
                <line number="964" hits="0" branch="True" condition-coverage="0% (0/4)">
                  <conditions>
                    <condition number="733" type="jump" coverage="0%" />
                    <condition number="741" type="jump" coverage="0%" />
                  </conditions>
                </line>
                <line number="966" hits="0" branch="False" />
                <line number="967" hits="0" branch="False" />
                <line number="968" hits="0" branch="False" />
                <line number="970" hits="0" branch="False" />
              </lines>
            </method>
            <method name="ToString" signature="()" line-rate="0" branch-rate="0" complexity="8">
              <lines>
                <line number="975" hits="0" branch="False" />
                <line number="977" hits="0" branch="True" condition-coverage="0% (0/6)">
                  <conditions>
                    <condition number="95" type="jump" coverage="0%" />
                    <condition number="100" type="jump" coverage="0%" />
                    <condition number="109" type="jump" coverage="0%" />
                  </conditions>
                </line>
                <line number="979" hits="0" branch="False" />
                <line number="982" hits="0" branch="False" />
                <line number="984" hits="0" branch="True" condition-coverage="0% (0/2)">
                  <conditions>
                    <condition number="190" type="jump" coverage="0%" />
                  </conditions>
                </line>
                <line number="986" hits="0" branch="False" />
                <line number="989" hits="0" branch="False" />
              </lines>
            </method>
            <method name="Equals" signature="(System.Object)" line-rate="0" branch-rate="0" complexity="2">
              <lines>
                <line number="999" hits="0" branch="True" condition-coverage="0% (0/2)">
                  <conditions>
                    <condition number="6" type="jump" coverage="0%" />
                  </conditions>
                </line>
              </lines>
            </method>
            <method name="Equals" signature="(DbfSharp.Core.DbfField)" line-rate="1" branch-rate="0.5" complexity="6">
              <lines>
                <line number="1004" hits="1" branch="True" condition-coverage="50% (3/6)">
                  <conditions>
                    <condition number="17" type="jump" coverage="50%" />
                    <condition number="31" type="jump" coverage="50%" />
                    <condition number="46" type="jump" coverage="50%" />
                  </conditions>
                </line>
                <line number="1005" hits="1" branch="False" />
                <line number="1006" hits="1" branch="False" />
                <line number="1007" hits="1" branch="False" />
              </lines>
            </method>
            <method name="GetHashCode" signature="()" line-rate="0" branch-rate="1" complexity="1">
              <lines>
                <line number="1013" hits="0" branch="False" />
              </lines>
            </method>
            <method name="op_Equality" signature="(DbfSharp.Core.DbfField,DbfSharp.Core.DbfField)" line-rate="0" branch-rate="1" complexity="1">
              <lines>
                <line number="1024" hits="0" branch="False" />
              </lines>
            </method>
            <method name="op_Inequality" signature="(DbfSharp.Core.DbfField,DbfSharp.Core.DbfField)" line-rate="1" branch-rate="1" complexity="1">
              <lines>
                <line number="1035" hits="1" branch="False" />
              </lines>
            </method>
            <method name=".ctor" signature="(System.String,DbfSharp.Core.Enums.FieldType,System.UInt32,System.Byte,System.Byte,System.UInt16,System.Byte,System.Byte,System.Byte,System.Byte,System.UInt64,System.Byte)" line-rate="1" branch-rate="0.5" complexity="2">
              <lines>
                <line number="112" hits="4003" branch="True" condition-coverage="50% (1/2)">
                  <conditions>
                    <condition number="3" type="jump" coverage="50%" />
                  </conditions>
                </line>
                <line number="113" hits="4003" branch="False" />
                <line number="114" hits="4003" branch="False" />
                <line number="115" hits="4003" branch="False" />
                <line number="116" hits="4003" branch="False" />
                <line number="117" hits="4003" branch="False" />
                <line number="118" hits="4003" branch="False" />
                <line number="119" hits="4003" branch="False" />
                <line number="120" hits="4003" branch="False" />
                <line number="121" hits="4003" branch="False" />
                <line number="122" hits="4003" branch="False" />
                <line number="123" hits="4003" branch="False" />
                <line number="124" hits="4003" branch="False" />
              </lines>
            </method>
          </methods>
          <lines>
            <line number="129" hits="0" branch="False" />
            <line number="134" hits="0" branch="False" />
            <line number="139" hits="0" branch="False" />
            <line number="148" hits="87593" branch="True" condition-coverage="100% (2/2)">
              <conditions>
                <condition number="8" type="jump" coverage="100%" />
              </conditions>
            </line>
            <line number="150" hits="46550" branch="False" />
            <line number="153" hits="41043" branch="False" />
            <line number="164" hits="8437" branch="True" condition-coverage="50% (2/4)">
              <conditions>
                <condition number="8" type="jump" coverage="50%" />
                <condition number="16" type="jump" coverage="50%" />
              </conditions>
            </line>
            <line number="166" hits="0" branch="False" />
            <line number="169" hits="8437" branch="False" />
            <line number="344" hits="24" branch="True" condition-coverage="100% (4/4)">
              <conditions>
                <condition number="6" type="jump" coverage="100%" />
                <condition number="14" type="jump" coverage="100%" />
              </conditions>
            </line>
            <line number="346" hits="20" branch="False" />
            <line number="351" hits="4" branch="False" />
            <line number="352" hits="4" branch="False" />
            <line number="354" hits="7" branch="False" />
            <line number="356" hits="11" branch="False" />
            <line number="357" hits="11" branch="True" condition-coverage="50% (1/2)">
              <conditions>
                <condition number="53" type="jump" coverage="50%" />
              </conditions>
            </line>
            <line number="362" hits="11" branch="False" />
            <line number="363" hits="11" branch="False" />
            <line number="367" hits="11" branch="True" condition-coverage="100% (4/4)">
              <conditions>
                <condition number="116" type="jump" coverage="100%" />
                <condition number="125" type="jump" coverage="100%" />
              </conditions>
            </line>
            <line number="369" hits="4" branch="False" />
            <line number="373" hits="7" branch="False" />
            <line number="374" hits="7" branch="False" />
            <line number="375" hits="7" branch="False" />
            <line number="378" hits="0" branch="False" />
            <line number="387" hits="7" branch="False" />
            <line number="388" hits="7" branch="True" condition-coverage="50% (1/2)">
              <conditions>
                <condition number="23" type="jump" coverage="50%" />
              </conditions>
            </line>
            <line number="390" hits="0" branch="False" />
            <line number="393" hits="7" branch="False" />
            <line number="394" hits="7" branch="False" />
            <line number="397" hits="7" branch="False" />
            <line number="398" hits="119" branch="True" condition-coverage="100% (2/2)">
              <conditions>
                <condition number="62" type="jump" coverage="100%" />
              </conditions>
            </line>
            <line number="400" hits="112" branch="True" condition-coverage="100% (2/2)">
              <conditions>
                <condition number="66" type="jump" coverage="100%" />
              </conditions>
            </line>
            <line number="402" hits="68" branch="False" />
            <line number="404" hits="68" branch="False" />
            <line number="407" hits="7" branch="False" />
            <line number="492" hits="221" branch="False" />
            <line number="493" hits="221" branch="False" />
            <line number="495" hits="221" branch="True" condition-coverage="100% (2/2)">
              <conditions>
                <condition number="25" type="jump" coverage="100%" />
              </conditions>
            </line>
            <line number="497" hits="3" branch="False" />
            <line number="500" hits="218" branch="False" />
            <line number="503" hits="218" branch="False" />
            <line number="504" hits="218" branch="False" />
            <line number="505" hits="218" branch="True" condition-coverage="100% (2/2)">
              <conditions>
                <condition number="71" type="jump" coverage="100%" />
              </conditions>
            </line>
            <line number="507" hits="7" branch="False" />
            <line number="510" hits="211" branch="False" />
            <line number="511" hits="211" branch="False" />
            <line number="512" hits="211" branch="False" />
            <line number="515" hits="211" branch="False" />
            <line number="516" hits="243862" branch="True" condition-coverage="100% (2/2)">
              <conditions>
                <condition number="150" type="jump" coverage="100%" />
              </conditions>
            </line>
            <line number="518" hits="121931" branch="True" condition-coverage="100% (2/2)">
              <conditions>
                <condition number="130" type="jump" coverage="100%" />
              </conditions>
            </line>
            <line number="520" hits="211" branch="False" />
            <line number="521" hits="211" branch="False" />
            <line number="526" hits="211" branch="True" condition-coverage="50% (1/2)">
              <conditions>
                <condition number="155" type="jump" coverage="50%" />
              </conditions>
            </line>
            <line number="529" hits="211" branch="True" condition-coverage="66.66% (4/6)">
              <conditions>
                <condition number="170" type="jump" coverage="100%" />
                <condition number="178" type="jump" coverage="50%" />
                <condition number="186" type="jump" coverage="50%" />
              </conditions>
            </line>
            <line number="532" hits="0" branch="False" />
            <line number="533" hits="0" branch="False" />
            <line number="537" hits="211" branch="False" />
            <line number="538" hits="3988" branch="True" condition-coverage="100% (2/2)">
              <conditions>
                <condition number="332" type="jump" coverage="100%" />
              </conditions>
            </line>
            <line number="541" hits="3777" branch="True" condition-coverage="100% (6/6)">
              <conditions>
                <condition number="222" type="jump" coverage="100%" />
                <condition number="231" type="jump" coverage="100%" />
                <condition number="238" type="jump" coverage="100%" />
              </conditions>
            </line>
            <line number="547" hits="3777" branch="False" />
            <line number="551" hits="3777" branch="False" />
            <line number="553" hits="3777" branch="True" condition-coverage="50% (2/4)">
              <conditions>
                <condition number="276" type="jump" coverage="50%" />
                <condition number="285" type="jump" coverage="50%" />
              </conditions>
            </line>
            <line number="555" hits="0" branch="False" />
            <line number="558" hits="3777" branch="False" />
            <line number="559" hits="3777" branch="False" />
            <line number="560" hits="0" branch="False" />
            <line number="562" hits="0" branch="False" />
            <line number="564" hits="0" branch="False" />
            <line number="566" hits="0" branch="False" />
            <line number="569" hits="3777" branch="False" />
            <line number="571" hits="3777" branch="True" condition-coverage="100% (2/2)">
              <conditions>
                <condition number="323" type="jump" coverage="100%" />
              </conditions>
            </line>
            <line number="578" hits="211" branch="False" />
            <line number="580" hits="211" branch="False" />
            <line number="702" hits="3" branch="False" />
            <line number="706" hits="31" branch="False" />
            <line number="708" hits="31" branch="True" condition-coverage="100% (2/2)">
              <conditions>
                <condition number="44" type="jump" coverage="100%" />
              </conditions>
            </line>
            <line number="713" hits="31" branch="False" />
            <line number="714" hits="31" branch="True" condition-coverage="50% (1/2)">
              <conditions>
                <condition number="60" type="jump" coverage="50%" />
              </conditions>
            </line>
            <line number="716" hits="0" branch="False" />
            <line number="717" hits="0" branch="False" />
            <line number="720" hits="31" branch="True" condition-coverage="100% (2/2)">
              <conditions>
                <condition number="87" type="jump" coverage="100%" />
              </conditions>
            </line>
            <line number="722" hits="3" branch="False" />
            <line number="723" hits="3" branch="False" />
            <line number="728" hits="28" branch="False" />
            <line number="729" hits="28" branch="False" />
            <line number="730" hits="28" branch="False" />
            <line number="731" hits="0" branch="False" />
            <line number="733" hits="0" branch="False" />
            <line number="734" hits="0" branch="False" />
            <line number="737" hits="28" branch="True" condition-coverage="100% (2/2)">
              <conditions>
                <condition number="153" type="jump" coverage="100%" />
              </conditions>
            </line>
            <line number="743" hits="3" branch="False" />
            <line number="748" hits="31" branch="False" />
            <line number="749" hits="31" branch="False" />
            <line number="750" hits="31" branch="True" condition-coverage="100% (2/2)">
              <conditions>
                <condition number="21" type="jump" coverage="100%" />
              </conditions>
            </line>
            <line number="752" hits="31" branch="False" />
            <line number="755" hits="31" branch="True" condition-coverage="50% (1/2)">
              <conditions>
                <condition number="40" type="jump" coverage="50%" />
              </conditions>
            </line>
            <line number="757" hits="0" branch="False" />
            <line number="760" hits="394" branch="True" condition-coverage="100% (2/2)">
              <conditions>
                <condition number="105" type="jump" coverage="100%" />
              </conditions>
            </line>
            <line number="762" hits="167" branch="True" condition-coverage="100% (6/6)">
              <conditions>
                <condition number="68" type="jump" coverage="100%" />
                <condition number="74" type="jump" coverage="100%" />
                <condition number="86" type="jump" coverage="100%" />
              </conditions>
            </line>
            <line number="764" hits="2" branch="False" />
            <line number="768" hits="29" branch="False" />
            <line number="769" hits="29" branch="False" />
            <line number="770" hits="29" branch="False" />
            <line number="772" hits="29" branch="True" condition-coverage="100% (2/2)">
              <conditions>
                <condition number="144" type="jump" coverage="100%" />
              </conditions>
            </line>
            <line number="781" hits="28" branch="True" condition-coverage="50% (1/2)">
              <conditions>
                <condition number="9" type="jump" coverage="50%" />
              </conditions>
            </line>
            <line number="783" hits="0" branch="False" />
            <line number="784" hits="0" branch="False" />
            <line number="785" hits="0" branch="False" />
            <line number="788" hits="28" branch="False" />
            <line number="789" hits="28" branch="False" />
            <line number="790" hits="28" branch="True" condition-coverage="100% (2/2)">
              <conditions>
                <condition number="102" type="jump" coverage="100%" />
              </conditions>
            </line>
            <line number="792" hits="28" branch="False" />
            <line number="795" hits="28" branch="False" />
            <line number="796" hits="28" branch="True" condition-coverage="50% (1/2)">
              <conditions>
                <condition number="123" type="jump" coverage="50%" />
              </conditions>
            </line>
            <line number="798" hits="0" branch="False" />
            <line number="801" hits="28" branch="False" />
            <line number="802" hits="28" branch="False" />
            <line number="803" hits="28" branch="False" />
            <line number="804" hits="28" branch="False" />
            <line number="806" hits="28" branch="False" />
            <line number="826" hits="3975" branch="True" condition-coverage="50% (1/2)">
              <conditions>
                <condition number="9" type="jump" coverage="50%" />
              </conditions>
            </line>
            <line number="828" hits="0" branch="False" />
            <line number="829" hits="0" branch="False" />
            <line number="830" hits="0" branch="False" />
            <line number="831" hits="0" branch="False" />
            <line number="834" hits="3975" branch="False" />
            <line number="835" hits="3975" branch="False" />
            <line number="836" hits="3975" branch="True" condition-coverage="100% (2/2)">
              <conditions>
                <condition number="107" type="jump" coverage="100%" />
              </conditions>
            </line>
            <line number="838" hits="3975" branch="False" />
            <line number="841" hits="3975" branch="False" />
            <line number="842" hits="3975" branch="True" condition-coverage="100% (2/2)">
              <conditions>
                <condition number="128" type="jump" coverage="100%" />
              </conditions>
            </line>
            <line number="844" hits="6" branch="False" />
            <line number="847" hits="3975" branch="False" />
            <line number="848" hits="3975" branch="True" condition-coverage="50% (1/2)">
              <conditions>
                <condition number="149" type="jump" coverage="50%" />
              </conditions>
            </line>
            <line number="850" hits="0" branch="False" />
            <line number="851" hits="0" branch="False" />
            <line number="852" hits="0" branch="False" />
            <line number="855" hits="3975" branch="False" />
            <line number="857" hits="3975" branch="False" />
            <line number="858" hits="3975" branch="False" />
            <line number="859" hits="3975" branch="False" />
            <line number="860" hits="3975" branch="False" />
            <line number="861" hits="3975" branch="False" />
            <line number="862" hits="3975" branch="False" />
            <line number="863" hits="3975" branch="False" />
            <line number="864" hits="3975" branch="False" />
            <line number="866" hits="3975" branch="False" />
            <line number="867" hits="3975" branch="False" />
            <line number="868" hits="3975" branch="False" />
            <line number="870" hits="3975" branch="False" />
            <line number="872" hits="3975" branch="False" />
            <line number="873" hits="3975" branch="False" />
            <line number="874" hits="3975" branch="False" />
            <line number="875" hits="3975" branch="False" />
            <line number="876" hits="3975" branch="False" />
            <line number="877" hits="3975" branch="False" />
            <line number="878" hits="3975" branch="False" />
            <line number="879" hits="3975" branch="False" />
            <line number="880" hits="3975" branch="False" />
            <line number="881" hits="3975" branch="False" />
            <line number="882" hits="3975" branch="False" />
            <line number="883" hits="3975" branch="False" />
            <line number="884" hits="3975" branch="False" />
            <line number="885" hits="3975" branch="False" />
            <line number="897" hits="0" branch="True" condition-coverage="0% (0/2)">
              <conditions>
                <condition number="11" type="jump" coverage="0%" />
              </conditions>
            </line>
            <line number="899" hits="0" branch="False" />
            <line number="902" hits="0" branch="True" condition-coverage="0% (0/2)">
              <conditions>
                <condition number="37" type="jump" coverage="0%" />
              </conditions>
            </line>
            <line number="904" hits="0" branch="False" />
            <line number="905" hits="0" branch="False" />
            <line number="906" hits="0" branch="False" />
            <line number="909" hits="0" branch="True" condition-coverage="0% (0/24)">
              <conditions>
                <condition number="118" type="jump" coverage="0%" />
                <condition number="124" type="switch" coverage="0%" />
                <condition number="202" type="jump" coverage="0%" />
                <condition number="210" type="jump" coverage="0%" />
                <condition number="161" type="switch" coverage="0%" />
                <condition number="218" type="jump" coverage="0%" />
              </conditions>
            </line>
            <line number="912" hits="0" branch="True" condition-coverage="0% (0/2)">
              <conditions>
                <condition number="235" type="jump" coverage="0%" />
              </conditions>
            </line>
            <line number="914" hits="0" branch="False" />
            <line number="915" hits="0" branch="False" />
            <line number="916" hits="0" branch="False" />
            <line number="921" hits="0" branch="True" condition-coverage="0% (0/2)">
              <conditions>
                <condition number="320" type="jump" coverage="0%" />
              </conditions>
            </line>
            <line number="923" hits="0" branch="False" />
            <line number="924" hits="0" branch="False" />
            <line number="925" hits="0" branch="False" />
            <line number="934" hits="0" branch="True" condition-coverage="0% (0/2)">
              <conditions>
                <condition number="405" type="jump" coverage="0%" />
              </conditions>
            </line>
            <line number="936" hits="0" branch="False" />
            <line number="937" hits="0" branch="False" />
            <line number="938" hits="0" branch="False" />
            <line number="946" hits="0" branch="True" condition-coverage="0% (0/2)">
              <conditions>
                <condition number="502" type="jump" coverage="0%" />
              </conditions>
            </line>
            <line number="948" hits="0" branch="False" />
            <line number="951" hits="0" branch="True" condition-coverage="0% (0/8)">
              <conditions>
                <condition number="587" type="jump" coverage="0%" />
                <condition number="592" type="jump" coverage="0%" />
                <condition number="601" type="jump" coverage="0%" />
                <condition number="615" type="jump" coverage="0%" />
              </conditions>
            </line>
            <line number="952" hits="0" branch="False" />
            <line number="953" hits="0" branch="False" />
            <line number="954" hits="0" branch="False" />
            <line number="956" hits="0" branch="False" />
            <line number="957" hits="0" branch="False" />
            <line number="958" hits="0" branch="False" />
            <line number="964" hits="0" branch="True" condition-coverage="0% (0/4)">
              <conditions>
                <condition number="733" type="jump" coverage="0%" />
                <condition number="741" type="jump" coverage="0%" />
              </conditions>
            </line>
            <line number="966" hits="0" branch="False" />
            <line number="967" hits="0" branch="False" />
            <line number="968" hits="0" branch="False" />
            <line number="970" hits="0" branch="False" />
            <line number="975" hits="0" branch="False" />
            <line number="977" hits="0" branch="True" condition-coverage="0% (0/6)">
              <conditions>
                <condition number="95" type="jump" coverage="0%" />
                <condition number="100" type="jump" coverage="0%" />
                <condition number="109" type="jump" coverage="0%" />
              </conditions>
            </line>
            <line number="979" hits="0" branch="False" />
            <line number="982" hits="0" branch="False" />
            <line number="984" hits="0" branch="True" condition-coverage="0% (0/2)">
              <conditions>
                <condition number="190" type="jump" coverage="0%" />
              </conditions>
            </line>
            <line number="986" hits="0" branch="False" />
            <line number="989" hits="0" branch="False" />
            <line number="999" hits="0" branch="True" condition-coverage="0% (0/2)">
              <conditions>
                <condition number="6" type="jump" coverage="0%" />
              </conditions>
            </line>
            <line number="1004" hits="1" branch="True" condition-coverage="50% (3/6)">
              <conditions>
                <condition number="17" type="jump" coverage="50%" />
                <condition number="31" type="jump" coverage="50%" />
                <condition number="46" type="jump" coverage="50%" />
              </conditions>
            </line>
            <line number="1005" hits="1" branch="False" />
            <line number="1006" hits="1" branch="False" />
            <line number="1007" hits="1" branch="False" />
            <line number="1013" hits="0" branch="False" />
            <line number="1024" hits="0" branch="False" />
            <line number="1035" hits="1" branch="False" />
            <line number="112" hits="4003" branch="True" condition-coverage="50% (1/2)">
              <conditions>
                <condition number="3" type="jump" coverage="50%" />
              </conditions>
            </line>
            <line number="113" hits="4003" branch="False" />
            <line number="114" hits="4003" branch="False" />
            <line number="115" hits="4003" branch="False" />
            <line number="116" hits="4003" branch="False" />
            <line number="117" hits="4003" branch="False" />
            <line number="118" hits="4003" branch="False" />
            <line number="119" hits="4003" branch="False" />
            <line number="120" hits="4003" branch="False" />
            <line number="121" hits="4003" branch="False" />
            <line number="122" hits="4003" branch="False" />
            <line number="123" hits="4003" branch="False" />
            <line number="124" hits="4003" branch="False" />
          </lines>
        </class>
        <class name="DbfSharp.Core.DbfField/&lt;ReadDBase2FieldsAsync&gt;d__32" filename="DbfField.cs" line-rate="0" branch-rate="0" complexity="14">
          <methods>
            <method name="MoveNext" signature="()" line-rate="0" branch-rate="0" complexity="14">
              <lines>
                <line number="590" hits="0" branch="False" />
                <line number="591" hits="0" branch="False" />
                <line number="595" hits="0" branch="False" />
                <line number="597" hits="0" branch="True" condition-coverage="0% (0/2)">
                  <conditions>
                    <condition number="454" type="jump" coverage="0%" />
                  </conditions>
                </line>
                <line number="599" hits="0" branch="False" />
                <line number="600" hits="0" branch="False" />
                <line number="602" hits="0" branch="True" condition-coverage="0% (0/2)">
                  <conditions>
                    <condition number="187" type="jump" coverage="0%" />
                  </conditions>
                </line>
                <line number="604" hits="0" branch="True" condition-coverage="0% (0/2)">
                  <conditions>
                    <condition number="196" type="jump" coverage="0%" />
                  </conditions>
                </line>
                <line number="609" hits="0" branch="False" />
                <line number="610" hits="0" branch="False" />
                <line number="613" hits="0" branch="False" />
                <line number="614" hits="0" branch="True" condition-coverage="0% (0/2)">
                  <conditions>
                    <condition number="250" type="jump" coverage="0%" />
                  </conditions>
                </line>
                <line number="616" hits="0" branch="True" condition-coverage="0% (0/2)">
                  <conditions>
                    <condition number="264" type="jump" coverage="0%" />
                  </conditions>
                </line>
                <line number="618" hits="0" branch="False" />
                <line number="619" hits="0" branch="False" />
                <line number="621" hits="0" branch="False" />
                <line number="625" hits="0" branch="False" />
                <line number="626" hits="0" branch="False" />
                <line number="627" hits="0" branch="True" condition-coverage="0% (0/2)">
                  <conditions>
                    <condition number="363" type="jump" coverage="0%" />
                  </conditions>
                </line>
                <line number="629" hits="0" branch="False" />
                <line number="630" hits="0" branch="False" />
                <line number="632" hits="0" branch="False" />
                <line number="635" hits="0" branch="False" />
                <line number="638" hits="0" branch="False" />
                <line number="642" hits="0" branch="True" condition-coverage="0% (0/2)">
                  <conditions>
                    <condition number="483" type="jump" coverage="0%" />
                  </conditions>
                </line>
                <line number="644" hits="0" branch="False" />
                <line number="647" hits="0" branch="False" />
              </lines>
            </method>
          </methods>
          <lines>
            <line number="590" hits="0" branch="False" />
            <line number="591" hits="0" branch="False" />
            <line number="595" hits="0" branch="False" />
            <line number="597" hits="0" branch="True" condition-coverage="0% (0/2)">
              <conditions>
                <condition number="454" type="jump" coverage="0%" />
              </conditions>
            </line>
            <line number="599" hits="0" branch="False" />
            <line number="600" hits="0" branch="False" />
            <line number="602" hits="0" branch="True" condition-coverage="0% (0/2)">
              <conditions>
                <condition number="187" type="jump" coverage="0%" />
              </conditions>
            </line>
            <line number="604" hits="0" branch="True" condition-coverage="0% (0/2)">
              <conditions>
                <condition number="196" type="jump" coverage="0%" />
              </conditions>
            </line>
            <line number="609" hits="0" branch="False" />
            <line number="610" hits="0" branch="False" />
            <line number="613" hits="0" branch="False" />
            <line number="614" hits="0" branch="True" condition-coverage="0% (0/2)">
              <conditions>
                <condition number="250" type="jump" coverage="0%" />
              </conditions>
            </line>
            <line number="616" hits="0" branch="True" condition-coverage="0% (0/2)">
              <conditions>
                <condition number="264" type="jump" coverage="0%" />
              </conditions>
            </line>
            <line number="618" hits="0" branch="False" />
            <line number="619" hits="0" branch="False" />
            <line number="621" hits="0" branch="False" />
            <line number="625" hits="0" branch="False" />
            <line number="626" hits="0" branch="False" />
            <line number="627" hits="0" branch="True" condition-coverage="0% (0/2)">
              <conditions>
                <condition number="363" type="jump" coverage="0%" />
              </conditions>
            </line>
            <line number="629" hits="0" branch="False" />
            <line number="630" hits="0" branch="False" />
            <line number="632" hits="0" branch="False" />
            <line number="635" hits="0" branch="False" />
            <line number="638" hits="0" branch="False" />
            <line number="642" hits="0" branch="True" condition-coverage="0% (0/2)">
              <conditions>
                <condition number="483" type="jump" coverage="0%" />
              </conditions>
            </line>
            <line number="644" hits="0" branch="False" />
            <line number="647" hits="0" branch="False" />
          </lines>
        </class>
        <class name="DbfSharp.Core.DbfField/&lt;ReadDBase2FieldsAsync&gt;d__33" filename="DbfField.cs" line-rate="0" branch-rate="0" complexity="6">
          <methods>
            <method name="MoveNext" signature="()" line-rate="0" branch-rate="0" complexity="6">
              <lines>
                <line number="656" hits="0" branch="False" />
                <line number="657" hits="0" branch="False" />
                <line number="661" hits="0" branch="False" />
                <line number="662" hits="0" branch="False" />
                <line number="664" hits="0" branch="True" condition-coverage="0% (0/2)">
                  <conditions>
                    <condition number="183" type="jump" coverage="0%" />
                  </conditions>
                </line>
                <line number="666" hits="0" branch="False" />
                <line number="667" hits="0" branch="False" />
                <line number="670" hits="0" branch="True" condition-coverage="0% (0/2)">
                  <conditions>
                    <condition number="220" type="jump" coverage="0%" />
                  </conditions>
                </line>
                <line number="672" hits="0" branch="False" />
                <line number="673" hits="0" branch="False" />
                <line number="678" hits="0" branch="False" />
                <line number="679" hits="0" branch="False" />
                <line number="680" hits="0" branch="False" />
                <line number="681" hits="0" branch="False" />
                <line number="683" hits="0" branch="False" />
                <line number="684" hits="0" branch="False" />
                <line number="687" hits="0" branch="True" condition-coverage="0% (0/2)">
                  <conditions>
                    <condition number="323" type="jump" coverage="0%" />
                  </conditions>
                </line>
                <line number="693" hits="0" branch="False" />
                <line number="694" hits="0" branch="False" />
              </lines>
            </method>
          </methods>
          <lines>
            <line number="656" hits="0" branch="False" />
            <line number="657" hits="0" branch="False" />
            <line number="661" hits="0" branch="False" />
            <line number="662" hits="0" branch="False" />
            <line number="664" hits="0" branch="True" condition-coverage="0% (0/2)">
              <conditions>
                <condition number="183" type="jump" coverage="0%" />
              </conditions>
            </line>
            <line number="666" hits="0" branch="False" />
            <line number="667" hits="0" branch="False" />
            <line number="670" hits="0" branch="True" condition-coverage="0% (0/2)">
              <conditions>
                <condition number="220" type="jump" coverage="0%" />
              </conditions>
            </line>
            <line number="672" hits="0" branch="False" />
            <line number="673" hits="0" branch="False" />
            <line number="678" hits="0" branch="False" />
            <line number="679" hits="0" branch="False" />
            <line number="680" hits="0" branch="False" />
            <line number="681" hits="0" branch="False" />
            <line number="683" hits="0" branch="False" />
            <line number="684" hits="0" branch="False" />
            <line number="687" hits="0" branch="True" condition-coverage="0% (0/2)">
              <conditions>
                <condition number="323" type="jump" coverage="0%" />
              </conditions>
            </line>
            <line number="693" hits="0" branch="False" />
            <line number="694" hits="0" branch="False" />
          </lines>
        </class>
        <class name="DbfSharp.Core.DbfField/&lt;ReadFieldsAsync&gt;d__27" filename="DbfField.cs" line-rate="0.5517" branch-rate="0.5789" complexity="38">
          <methods>
            <method name="MoveNext" signature="()" line-rate="0.5517" branch-rate="0.5789" complexity="38">
              <lines>
                <line number="186" hits="21" branch="False" />
                <line number="187" hits="21" branch="False" />
                <line number="189" hits="21" branch="True" condition-coverage="50% (1/2)">
                  <conditions>
                    <condition number="59" type="jump" coverage="50%" />
                  </conditions>
                </line>
                <line number="191" hits="0" branch="False" />
                <line number="194" hits="21" branch="False" />
                <line number="195" hits="21" branch="False" />
                <line number="199" hits="21" branch="False" />
                <line number="203" hits="24" branch="False" />
                <line number="204" hits="24" branch="False" />
                <line number="205" hits="24" branch="False" />
                <line number="207" hits="24" branch="True" condition-coverage="75% (3/4)">
                  <conditions>
                    <condition number="368" type="jump" coverage="50%" />
                    <condition number="377" type="jump" coverage="100%" />
                  </conditions>
                </line>
                <line number="214" hits="24" branch="False" />
                <line number="215" hits="24" branch="True" condition-coverage="100% (2/2)">
                  <conditions>
                    <condition number="404" type="jump" coverage="100%" />
                  </conditions>
                </line>
                <line number="217" hits="24" branch="False" />
                <line number="221" hits="24" branch="True" condition-coverage="66.66% (4/6)">
                  <conditions>
                    <condition number="432" type="jump" coverage="100%" />
                    <condition number="457" type="jump" coverage="50%" />
                    <condition number="479" type="jump" coverage="50%" />
                  </conditions>
                </line>
                <line number="224" hits="0" branch="True" condition-coverage="0% (0/2)">
                  <conditions>
                    <condition number="491" type="jump" coverage="0%" />
                  </conditions>
                </line>
                <line number="228" hits="0" branch="False" />
                <line number="230" hits="0" branch="True" condition-coverage="0% (0/2)">
                  <conditions>
                    <condition number="510" type="jump" coverage="0%" />
                  </conditions>
                </line>
                <line number="233" hits="0" branch="False" />
                <line number="234" hits="0" branch="False" />
                <line number="235" hits="0" branch="False" />
                <line number="240" hits="0" branch="False" />
                <line number="241" hits="0" branch="False" />
                <line number="247" hits="0" branch="False" />
                <line number="248" hits="0" branch="False" />
                <line number="250" hits="0" branch="False" />
                <line number="253" hits="222" branch="True" condition-coverage="100% (2/2)">
                  <conditions>
                    <condition number="1220" type="jump" coverage="100%" />
                  </conditions>
                </line>
                <line number="255" hits="198" branch="False" />
                <line number="257" hits="198" branch="True" condition-coverage="50% (2/4)">
                  <conditions>
                    <condition number="749" type="jump" coverage="50%" />
                    <condition number="771" type="jump" coverage="50%" />
                  </conditions>
                </line>
                <line number="261" hits="0" branch="True" condition-coverage="0% (0/2)">
                  <conditions>
                    <condition number="783" type="jump" coverage="0%" />
                  </conditions>
                </line>
                <line number="264" hits="0" branch="False" />
                <line number="265" hits="0" branch="False" />
                <line number="268" hits="0" branch="True" condition-coverage="0% (0/2)">
                  <conditions>
                    <condition number="823" type="jump" coverage="0%" />
                  </conditions>
                </line>
                <line number="271" hits="0" branch="False" />
                <line number="272" hits="0" branch="False" />
                <line number="273" hits="0" branch="False" />
                <line number="278" hits="0" branch="False" />
                <line number="279" hits="0" branch="False" />
                <line number="285" hits="0" branch="False" />
                <line number="286" hits="0" branch="False" />
                <line number="288" hits="0" branch="False" />
                <line number="292" hits="198" branch="True" condition-coverage="100% (2/2)">
                  <conditions>
                    <condition number="1037" type="jump" coverage="100%" />
                  </conditions>
                </line>
                <line number="294" hits="197" branch="False" />
                <line number="298" hits="1" branch="False" />
                <line number="299" hits="1" branch="False" />
                <line number="300" hits="1" branch="False" />
                <line number="303" hits="198" branch="True" condition-coverage="50% (2/4)">
                  <conditions>
                    <condition number="1130" type="jump" coverage="50%" />
                    <condition number="1139" type="jump" coverage="50%" />
                  </conditions>
                </line>
                <line number="305" hits="0" branch="False" />
                <line number="306" hits="0" branch="False" />
                <line number="309" hits="198" branch="False" />
                <line number="310" hits="198" branch="False" />
                <line number="311" hits="198" branch="False" />
                <line number="314" hits="24" branch="False" />
                <line number="316" hits="24" branch="True" condition-coverage="100% (2/2)">
                  <conditions>
                    <condition number="1261" type="jump" coverage="100%" />
                  </conditions>
                </line>
                <line number="324" hits="21" branch="False" />
                <line number="328" hits="21" branch="True" condition-coverage="100% (2/2)">
                  <conditions>
                    <condition number="1290" type="jump" coverage="100%" />
                  </conditions>
                </line>
                <line number="330" hits="21" branch="False" />
                <line number="333" hits="21" branch="False" />
              </lines>
            </method>
          </methods>
          <lines>
            <line number="186" hits="21" branch="False" />
            <line number="187" hits="21" branch="False" />
            <line number="189" hits="21" branch="True" condition-coverage="50% (1/2)">
              <conditions>
                <condition number="59" type="jump" coverage="50%" />
              </conditions>
            </line>
            <line number="191" hits="0" branch="False" />
            <line number="194" hits="21" branch="False" />
            <line number="195" hits="21" branch="False" />
            <line number="199" hits="21" branch="False" />
            <line number="203" hits="24" branch="False" />
            <line number="204" hits="24" branch="False" />
            <line number="205" hits="24" branch="False" />
            <line number="207" hits="24" branch="True" condition-coverage="75% (3/4)">
              <conditions>
                <condition number="368" type="jump" coverage="50%" />
                <condition number="377" type="jump" coverage="100%" />
              </conditions>
            </line>
            <line number="214" hits="24" branch="False" />
            <line number="215" hits="24" branch="True" condition-coverage="100% (2/2)">
              <conditions>
                <condition number="404" type="jump" coverage="100%" />
              </conditions>
            </line>
            <line number="217" hits="24" branch="False" />
            <line number="221" hits="24" branch="True" condition-coverage="66.66% (4/6)">
              <conditions>
                <condition number="432" type="jump" coverage="100%" />
                <condition number="457" type="jump" coverage="50%" />
                <condition number="479" type="jump" coverage="50%" />
              </conditions>
            </line>
            <line number="224" hits="0" branch="True" condition-coverage="0% (0/2)">
              <conditions>
                <condition number="491" type="jump" coverage="0%" />
              </conditions>
            </line>
            <line number="228" hits="0" branch="False" />
            <line number="230" hits="0" branch="True" condition-coverage="0% (0/2)">
              <conditions>
                <condition number="510" type="jump" coverage="0%" />
              </conditions>
            </line>
            <line number="233" hits="0" branch="False" />
            <line number="234" hits="0" branch="False" />
            <line number="235" hits="0" branch="False" />
            <line number="240" hits="0" branch="False" />
            <line number="241" hits="0" branch="False" />
            <line number="247" hits="0" branch="False" />
            <line number="248" hits="0" branch="False" />
            <line number="250" hits="0" branch="False" />
            <line number="253" hits="222" branch="True" condition-coverage="100% (2/2)">
              <conditions>
                <condition number="1220" type="jump" coverage="100%" />
              </conditions>
            </line>
            <line number="255" hits="198" branch="False" />
            <line number="257" hits="198" branch="True" condition-coverage="50% (2/4)">
              <conditions>
                <condition number="749" type="jump" coverage="50%" />
                <condition number="771" type="jump" coverage="50%" />
              </conditions>
            </line>
            <line number="261" hits="0" branch="True" condition-coverage="0% (0/2)">
              <conditions>
                <condition number="783" type="jump" coverage="0%" />
              </conditions>
            </line>
            <line number="264" hits="0" branch="False" />
            <line number="265" hits="0" branch="False" />
            <line number="268" hits="0" branch="True" condition-coverage="0% (0/2)">
              <conditions>
                <condition number="823" type="jump" coverage="0%" />
              </conditions>
            </line>
            <line number="271" hits="0" branch="False" />
            <line number="272" hits="0" branch="False" />
            <line number="273" hits="0" branch="False" />
            <line number="278" hits="0" branch="False" />
            <line number="279" hits="0" branch="False" />
            <line number="285" hits="0" branch="False" />
            <line number="286" hits="0" branch="False" />
            <line number="288" hits="0" branch="False" />
            <line number="292" hits="198" branch="True" condition-coverage="100% (2/2)">
              <conditions>
                <condition number="1037" type="jump" coverage="100%" />
              </conditions>
            </line>
            <line number="294" hits="197" branch="False" />
            <line number="298" hits="1" branch="False" />
            <line number="299" hits="1" branch="False" />
            <line number="300" hits="1" branch="False" />
            <line number="303" hits="198" branch="True" condition-coverage="50% (2/4)">
              <conditions>
                <condition number="1130" type="jump" coverage="50%" />
                <condition number="1139" type="jump" coverage="50%" />
              </conditions>
            </line>
            <line number="305" hits="0" branch="False" />
            <line number="306" hits="0" branch="False" />
            <line number="309" hits="198" branch="False" />
            <line number="310" hits="198" branch="False" />
            <line number="311" hits="198" branch="False" />
            <line number="314" hits="24" branch="False" />
            <line number="316" hits="24" branch="True" condition-coverage="100% (2/2)">
              <conditions>
                <condition number="1261" type="jump" coverage="100%" />
              </conditions>
            </line>
            <line number="324" hits="21" branch="False" />
            <line number="328" hits="21" branch="True" condition-coverage="100% (2/2)">
              <conditions>
                <condition number="1290" type="jump" coverage="100%" />
              </conditions>
            </line>
            <line number="330" hits="21" branch="False" />
            <line number="333" hits="21" branch="False" />
          </lines>
        </class>
        <class name="DbfSharp.Core.DbfField/&lt;ReadFieldsAsync&gt;d__30" filename="DbfField.cs" line-rate="0" branch-rate="0" complexity="14">
          <methods>
            <method name="MoveNext" signature="()" line-rate="0" branch-rate="0" complexity="14">
              <lines>
                <line number="423" hits="0" branch="False" />
                <line number="424" hits="0" branch="False" />
                <line number="426" hits="0" branch="True" condition-coverage="0% (0/2)">
                  <conditions>
                    <condition number="64" type="jump" coverage="0%" />
                  </conditions>
                </line>
                <line number="428" hits="0" branch="False" />
                <line number="431" hits="0" branch="False" />
                <line number="432" hits="0" branch="False" />
                <line number="433" hits="0" branch="False" />
                <line number="437" hits="0" branch="False" />
                <line number="438" hits="0" branch="False" />
                <line number="440" hits="0" branch="True" condition-coverage="0% (0/6)">
                  <conditions>
                    <condition number="375" type="jump" coverage="0%" />
                    <condition number="390" type="jump" coverage="0%" />
                    <condition number="405" type="jump" coverage="0%" />
                  </conditions>
                </line>
                <line number="445" hits="0" branch="False" />
                <line number="446" hits="0" branch="False" />
                <line number="447" hits="0" branch="False" />
                <line number="448" hits="0" branch="False" />
                <line number="449" hits="0" branch="False" />
                <line number="453" hits="0" branch="False" />
                <line number="454" hits="0" branch="True" condition-coverage="0% (0/4)">
                  <conditions>
                    <condition number="591" type="jump" coverage="0%" />
                    <condition number="600" type="jump" coverage="0%" />
                  </conditions>
                </line>
                <line number="456" hits="0" branch="False" />
                <line number="457" hits="0" branch="False" />
                <line number="459" hits="0" branch="False" />
                <line number="460" hits="0" branch="False" />
                <line number="461" hits="0" branch="False" />
                <line number="463" hits="0" branch="False" />
                <line number="464" hits="0" branch="False" />
                <line number="466" hits="0" branch="False" />
                <line number="468" hits="0" branch="False" />
                <line number="469" hits="0" branch="False" />
                <line number="472" hits="0" branch="True" condition-coverage="0% (0/2)">
                  <conditions>
                    <condition number="692" type="jump" coverage="0%" />
                  </conditions>
                </line>
                <line number="478" hits="0" branch="False" />
                <line number="479" hits="0" branch="False" />
              </lines>
            </method>
          </methods>
          <lines>
            <line number="423" hits="0" branch="False" />
            <line number="424" hits="0" branch="False" />
            <line number="426" hits="0" branch="True" condition-coverage="0% (0/2)">
              <conditions>
                <condition number="64" type="jump" coverage="0%" />
              </conditions>
            </line>
            <line number="428" hits="0" branch="False" />
[...]
            </method>
            <method name="IsVisualFoxPro" signature="(DbfSharp.Core.Enums.DbfVersion)" line-rate="1" branch-rate="1" complexity="4">
              <lines>
                <line number="111" hits="2010" branch="True" condition-coverage="100% (4/4)">
                  <conditions>
                    <condition number="4" type="switch" coverage="100%" />
                  </conditions>
                </line>
                <line number="112" hits="2010" branch="False" />
                <line number="113" hits="486" branch="False" />
                <line number="114" hits="98" branch="False" />
                <line number="115" hits="3" branch="False" />
                <line number="116" hits="1423" branch="False" />
                <line number="117" hits="2010" branch="False" />
              </lines>
            </method>
            <method name="IsLegacyFormat" signature="(DbfSharp.Core.Enums.DbfVersion)" line-rate="0" branch-rate="0" complexity="6">
              <lines>
                <line number="127" hits="0" branch="True" condition-coverage="0% (0/6)">
                  <conditions>
                    <condition number="2" type="jump" coverage="0%" />
                    <condition number="6" type="jump" coverage="0%" />
                    <condition number="14" type="jump" coverage="0%" />
                  </conditions>
                </line>
                <line number="128" hits="0" branch="False" />
                <line number="129" hits="0" branch="False" />
                <line number="130" hits="0" branch="False" />
                <line number="131" hits="0" branch="False" />
                <line number="132" hits="0" branch="False" />
                <line number="133" hits="0" branch="False" />
              </lines>
            </method>
            <method name="FromByte" signature="(System.Byte)" line-rate="1" branch-rate="1" complexity="2">
              <lines>
                <line number="143" hits="3565" branch="True" condition-coverage="100% (2/2)">
                  <conditions>
                    <condition number="21" type="jump" coverage="100%" />
                  </conditions>
                </line>
                <line number="145" hits="3564" branch="False" />
                <line number="148" hits="1" branch="False" />
              </lines>
            </method>
          </methods>
          <lines>
            <line number="64" hits="2" branch="True" condition-coverage="13.33% (4/30)">
              <conditions>
                <condition number="3" type="jump" coverage="50%" />
                <condition number="7" type="jump" coverage="50%" />
                <condition number="11" type="jump" coverage="50%" />
                <condition number="26" type="switch" coverage="0%" />
                <condition number="46" type="jump" coverage="0%" />
                <condition number="64" type="jump" coverage="0%" />
                <condition number="72" type="jump" coverage="0%" />
                <condition number="80" type="jump" coverage="0%" />
                <condition number="101" type="jump" coverage="0%" />
                <condition number="109" type="jump" coverage="0%" />
                <condition number="15" type="jump" coverage="50%" />
                <condition number="51" type="jump" coverage="0%" />
                <condition number="88" type="jump" coverage="0%" />
                <condition number="117" type="jump" coverage="0%" />
              </conditions>
            </line>
            <line number="65" hits="2" branch="False" />
            <line number="66" hits="0" branch="False" />
            <line number="67" hits="2" branch="False" />
            <line number="68" hits="0" branch="False" />
            <line number="69" hits="0" branch="False" />
            <line number="70" hits="0" branch="False" />
            <line number="71" hits="0" branch="False" />
            <line number="72" hits="0" branch="False" />
            <line number="73" hits="0" branch="False" />
            <line number="74" hits="0" branch="False" />
            <line number="75" hits="0" branch="False" />
            <line number="76" hits="0" branch="False" />
            <line number="77" hits="0" branch="False" />
            <line number="78" hits="0" branch="False" />
            <line number="79" hits="0" branch="False" />
            <line number="80" hits="2" branch="False" />
            <line number="90" hits="341" branch="True" condition-coverage="87.5% (14/16)">
              <conditions>
                <condition number="6" type="jump" coverage="100%" />
                <condition number="12" type="switch" coverage="100%" />
                <condition number="35" type="jump" coverage="100%" />
                <condition number="53" type="jump" coverage="50%" />
                <condition number="61" type="jump" coverage="50%" />
                <condition number="43" type="jump" coverage="100%" />
                <condition number="69" type="jump" coverage="100%" />
              </conditions>
            </line>
            <line number="91" hits="341" branch="False" />
            <line number="92" hits="65" branch="False" />
            <line number="93" hits="13" branch="False" />
            <line number="94" hits="0" branch="False" />
            <line number="95" hits="13" branch="False" />
            <line number="96" hits="0" branch="False" />
            <line number="97" hits="97" branch="False" />
            <line number="98" hits="9" branch="False" />
            <line number="99" hits="7" branch="False" />
            <line number="100" hits="137" branch="False" />
            <line number="101" hits="341" branch="False" />
            <line number="111" hits="2010" branch="True" condition-coverage="100% (4/4)">
              <conditions>
                <condition number="4" type="switch" coverage="100%" />
              </conditions>
            </line>
            <line number="112" hits="2010" branch="False" />
            <line number="113" hits="486" branch="False" />
            <line number="114" hits="98" branch="False" />
            <line number="115" hits="3" branch="False" />
            <line number="116" hits="1423" branch="False" />
            <line number="117" hits="2010" branch="False" />
            <line number="127" hits="0" branch="True" condition-coverage="0% (0/6)">
              <conditions>
                <condition number="2" type="jump" coverage="0%" />
                <condition number="6" type="jump" coverage="0%" />
                <condition number="14" type="jump" coverage="0%" />
              </conditions>
            </line>
            <line number="128" hits="0" branch="False" />
            <line number="129" hits="0" branch="False" />
            <line number="130" hits="0" branch="False" />
            <line number="131" hits="0" branch="False" />
            <line number="132" hits="0" branch="False" />
            <line number="133" hits="0" branch="False" />
            <line number="143" hits="3565" branch="True" condition-coverage="100% (2/2)">
              <conditions>
                <condition number="21" type="jump" coverage="100%" />
              </conditions>
            </line>
            <line number="145" hits="3564" branch="False" />
            <line number="148" hits="1" branch="False" />
          </lines>
        </class>
        <class name="DbfSharp.Core.Enums.FieldTypeExtensions" filename="Enums/FieldType.cs" line-rate="0.8387" branch-rate="0.619" complexity="85">
          <methods>
            <method name="GetDescription" signature="(DbfSharp.Core.Enums.FieldType)" line-rate="0.7619" branch-rate="0.4838" complexity="31">
              <lines>
                <line number="72" hits="222" branch="True" condition-coverage="48.38% (15/31)">
                  <conditions>
                    <condition number="3" type="jump" coverage="50%" />
                    <condition number="11" type="jump" coverage="100%" />
                    <condition number="20" type="switch" coverage="44.44%" />
                  </conditions>
                </line>
                <line number="73" hits="222" branch="False" />
                <line number="74" hits="125" branch="False" />
                <line number="75" hits="19" branch="False" />
                <line number="76" hits="1" branch="False" />
                <line number="77" hits="1" branch="False" />
                <line number="78" hits="6" branch="False" />
                <line number="79" hits="2" branch="False" />
                <line number="80" hits="19" branch="False" />
                <line number="81" hits="43" branch="False" />
                <line number="82" hits="0" branch="False" />
                <line number="83" hits="0" branch="False" />
                <line number="84" hits="1" branch="False" />
                <line number="85" hits="1" branch="False" />
                <line number="86" hits="0" branch="False" />
                <line number="87" hits="1" branch="False" />
                <line number="88" hits="0" branch="False" />
                <line number="89" hits="1" branch="False" />
                <line number="90" hits="2" branch="False" />
                <line number="91" hits="0" branch="False" />
                <line number="92" hits="222" branch="False" />
              </lines>
            </method>
            <method name="UsesMemoFile" signature="(DbfSharp.Core.Enums.FieldType)" line-rate="1" branch-rate="1" complexity="10">
              <lines>
                <line number="102" hits="539" branch="True" condition-coverage="100% (10/10)">
                  <conditions>
                    <condition number="3" type="jump" coverage="100%" />
                    <condition number="8" type="jump" coverage="100%" />
                    <condition number="20" type="jump" coverage="100%" />
                    <condition number="13" type="jump" coverage="100%" />
                    <condition number="25" type="jump" coverage="100%" />
                  </conditions>
                </line>
                <line number="103" hits="539" branch="False" />
                <line number="104" hits="57" branch="False" />
                <line number="105" hits="1" branch="False" />
                <line number="106" hits="1" branch="False" />
                <line number="107" hits="1" branch="False" />
                <line number="108" hits="479" branch="False" />
                <line number="109" hits="539" branch="False" />
              </lines>
            </method>
            <method name="GetExpectedNetType" signature="(DbfSharp.Core.Enums.FieldType)" line-rate="0.7619" branch-rate="0.4838" complexity="31">
              <lines>
                <line number="119" hits="2015" branch="True" condition-coverage="48.38% (15/31)">
                  <conditions>
                    <condition number="3" type="jump" coverage="100%" />
                    <condition number="11" type="jump" coverage="100%" />
                    <condition number="20" type="switch" coverage="40.74%" />
                  </conditions>
                </line>
                <line number="120" hits="2015" branch="False" />
                <line number="121" hits="1342" branch="False" />
                <line number="122" hits="148" branch="False" />
                <line number="123" hits="11" branch="False" />
                <line number="124" hits="0" branch="False" />
                <line number="125" hits="73" branch="False" />
                <line number="126" hits="16" branch="False" />
                <line number="127" hits="28" branch="False" />
                <line number="128" hits="365" branch="False" />
                <line number="129" hits="1" branch="False" />
                <line number="130" hits="0" branch="False" />
                <line number="131" hits="1" branch="False" />
                <line number="132" hits="13" branch="False" />
                <line number="133" hits="0" branch="False" />
                <line number="134" hits="2" branch="False" />
                <line number="135" hits="1" branch="False" />
                <line number="136" hits="0" branch="False" />
                <line number="137" hits="14" branch="False" />
                <line number="138" hits="0" branch="False" />
                <line number="139" hits="2015" branch="False" />
              </lines>
            </method>
            <method name="SupportsNull" signature="(DbfSharp.Core.Enums.FieldType)" line-rate="1" branch-rate="1" complexity="10">
              <lines>
                <line number="149" hits="10" branch="True" condition-coverage="100% (10/10)">
                  <conditions>
                    <condition number="3" type="jump" coverage="100%" />
                    <condition number="8" type="jump" coverage="100%" />
                    <condition number="20" type="jump" coverage="100%" />
                    <condition number="13" type="jump" coverage="100%" />
                    <condition number="25" type="jump" coverage="100%" />
                  </conditions>
                </line>
                <line number="150" hits="10" branch="False" />
                <line number="151" hits="1" branch="False" />
                <line number="152" hits="1" branch="False" />
                <line number="153" hits="1" branch="False" />
                <line number="154" hits="1" branch="False" />
                <line number="155" hits="6" branch="False" />
                <line number="156" hits="10" branch="False" />
              </lines>
            </method>
            <method name="FromByte" signature="(System.Byte)" line-rate="1" branch-rate="1" complexity="2">
              <lines>
                <line number="166" hits="4042" branch="True" condition-coverage="100% (2/2)">
                  <conditions>
                    <condition number="21" type="jump" coverage="100%" />
                  </conditions>
                </line>
                <line number="168" hits="4040" branch="False" />
                <line number="170" hits="2" branch="False" />
              </lines>
            </method>
            <method name="FromChar" signature="(System.Char)" line-rate="1" branch-rate="1" complexity="1">
              <lines>
                <line number="180" hits="4042" branch="False" />
              </lines>
            </method>
          </methods>
          <lines>
            <line number="72" hits="222" branch="True" condition-coverage="48.38% (15/31)">
              <conditions>
                <condition number="3" type="jump" coverage="50%" />
                <condition number="11" type="jump" coverage="100%" />
                <condition number="20" type="switch" coverage="44.44%" />
              </conditions>
            </line>
            <line number="73" hits="222" branch="False" />
            <line number="74" hits="125" branch="False" />
            <line number="75" hits="19" branch="False" />
            <line number="76" hits="1" branch="False" />
            <line number="77" hits="1" branch="False" />
            <line number="78" hits="6" branch="False" />
            <line number="79" hits="2" branch="False" />
            <line number="80" hits="19" branch="False" />
            <line number="81" hits="43" branch="False" />
            <line number="82" hits="0" branch="False" />
            <line number="83" hits="0" branch="False" />
            <line number="84" hits="1" branch="False" />
            <line number="85" hits="1" branch="False" />
            <line number="86" hits="0" branch="False" />
            <line number="87" hits="1" branch="False" />
            <line number="88" hits="0" branch="False" />
            <line number="89" hits="1" branch="False" />
            <line number="90" hits="2" branch="False" />
            <line number="91" hits="0" branch="False" />
            <line number="92" hits="222" branch="False" />
            <line number="102" hits="539" branch="True" condition-coverage="100% (10/10)">
              <conditions>
                <condition number="3" type="jump" coverage="100%" />
                <condition number="8" type="jump" coverage="100%" />
                <condition number="20" type="jump" coverage="100%" />
                <condition number="13" type="jump" coverage="100%" />
                <condition number="25" type="jump" coverage="100%" />
              </conditions>
            </line>
            <line number="103" hits="539" branch="False" />
            <line number="104" hits="57" branch="False" />
            <line number="105" hits="1" branch="False" />
            <line number="106" hits="1" branch="False" />
            <line number="107" hits="1" branch="False" />
            <line number="108" hits="479" branch="False" />
            <line number="109" hits="539" branch="False" />
            <line number="119" hits="2015" branch="True" condition-coverage="48.38% (15/31)">
              <conditions>
                <condition number="3" type="jump" coverage="100%" />
                <condition number="11" type="jump" coverage="100%" />
                <condition number="20" type="switch" coverage="40.74%" />
              </conditions>
            </line>
            <line number="120" hits="2015" branch="False" />
            <line number="121" hits="1342" branch="False" />
            <line number="122" hits="148" branch="False" />
            <line number="123" hits="11" branch="False" />
            <line number="124" hits="0" branch="False" />
            <line number="125" hits="73" branch="False" />
            <line number="126" hits="16" branch="False" />
            <line number="127" hits="28" branch="False" />
            <line number="128" hits="365" branch="False" />
            <line number="129" hits="1" branch="False" />
            <line number="130" hits="0" branch="False" />
            <line number="131" hits="1" branch="False" />
            <line number="132" hits="13" branch="False" />
            <line number="133" hits="0" branch="False" />
            <line number="134" hits="2" branch="False" />
            <line number="135" hits="1" branch="False" />
            <line number="136" hits="0" branch="False" />
            <line number="137" hits="14" branch="False" />
            <line number="138" hits="0" branch="False" />
            <line number="139" hits="2015" branch="False" />
            <line number="149" hits="10" branch="True" condition-coverage="100% (10/10)">
              <conditions>
                <condition number="3" type="jump" coverage="100%" />
                <condition number="8" type="jump" coverage="100%" />
                <condition number="20" type="jump" coverage="100%" />
                <condition number="13" type="jump" coverage="100%" />
                <condition number="25" type="jump" coverage="100%" />
              </conditions>
            </line>
            <line number="150" hits="10" branch="False" />
            <line number="151" hits="1" branch="False" />
            <line number="152" hits="1" branch="False" />
            <line number="153" hits="1" branch="False" />
            <line number="154" hits="1" branch="False" />
            <line number="155" hits="6" branch="False" />
            <line number="156" hits="10" branch="False" />
            <line number="166" hits="4042" branch="True" condition-coverage="100% (2/2)">
              <conditions>
                <condition number="21" type="jump" coverage="100%" />
              </conditions>
            </line>
            <line number="168" hits="4040" branch="False" />
            <line number="170" hits="2" branch="False" />
            <line number="180" hits="4042" branch="False" />
          </lines>
        </class>
      </classes>
    </package>
  </packages>
</coverage>